<?xml version="1.0" encoding="utf-8"?><testsuites name="pytest tests"><testsuite name="pytest" errors="0" failures="0" skipped="0" tests="11" time="1.165" timestamp="2026-05-25T10:51:36.315705+00:00" hostname="agent-env-4f1695d8-9f7c-47a0-aa5c-77e526bdf9ee"><testcase classname="backend.tests.test_lower_thirds" name="test_meta_returns_german_lists" time="0.182" /><testcase classname="backend.tests.test_lower_thirds" name="test_get_settings_default" time="0.051" /><testcase classname="backend.tests.test_lower_thirds" name="test_update_settings_valid_and_persistence" time="0.161" /><testcase classname="backend.tests.test_lower_thirds" name="test_update_settings_too_low_rejected" time="0.049" /><testcase classname="backend.tests.test_lower_thirds" name="test_list_returns_at_least_three_seed_items" time="0.053" /><testcase classname="backend.tests.test_lower_thirds" name="test_seed_germany_default_present" time="0.059" /><testcase classname="backend.tests.test_lower_thirds" name="test_create_then_get_then_update_then_delete" time="0.299" /><testcase classname="backend.tests.test_lower_thirds" name="test_update_unknown_id_returns_404" time="0.052" /><testcase classname="backend.tests.test_lower_thirds" name="test_create_invalid_variant_returns_400" time="0.049" /><testcase classname="backend.tests.test_lower_thirds" name="test_create_invalid_screen_returns_400" time="0.045" /><testcase classname="backend.tests.test_lower_thirds" name="test_seed_idempotent_no_duplicates_after_count_check" time="0.104" /></testsuite></testsuites>