<?xml version="1.0" encoding="utf-8"?><testsuites name="pytest tests"><testsuite name="pytest" errors="0" failures="0" skipped="0" tests="11" time="1.183" timestamp="2026-05-20T12:58:24.663523+00:00" hostname="agent-env-4d85efaf-72a6-40fd-8a07-3aaa0475ec9e"><testcase classname="backend.tests.test_matches.TestMatches" name="test_matches_returns_8" time="0.201" /><testcase classname="backend.tests.test_matches.TestMatches" name="test_match_structure" time="0.000" /><testcase classname="backend.tests.test_matches.TestMatches" name="test_status_distribution" time="0.000" /><testcase classname="backend.tests.test_matches.TestMatches" name="test_live_has_minute_and_scores" time="0.000" /><testcase classname="backend.tests.test_matches.TestMatches" name="test_finished_has_scores_no_minute" time="0.000" /><testcase classname="backend.tests.test_matches.TestMatches" name="test_scheduled_has_null_scores" time="0.000" /><testcase classname="backend.tests.test_matches.TestLive" name="test_live_endpoint" time="0.182" /><testcase classname="backend.tests.test_matches.TestNext" name="test_next_endpoint" time="0.151" /><testcase classname="backend.tests.test_matches.TestNext" name="test_next_is_earliest_scheduled" time="0.286" /><testcase classname="backend.tests.test_matches.TestFinished" name="test_finished_endpoint" time="0.148" /><testcase classname="backend.tests.test_matches.TestRoot" name="test_api_root" time="0.098" /></testsuite></testsuites>