<?xml version="1.0" encoding="utf-8"?><testsuites name="pytest tests"><testsuite name="pytest" errors="0" failures="0" skipped="0" tests="20" time="1.530" timestamp="2026-05-21T14:42:34.402879+00:00" hostname="agent-env-4d85efaf-72a6-40fd-8a07-3aaa0475ec9e"><testcase classname="backend.tests.test_matches.TestMatchesAll" name="test_returns_12_matches" time="0.377" /><testcase classname="backend.tests.test_matches.TestMatchesAll" name="test_structure" time="0.000" /><testcase classname="backend.tests.test_matches.TestMatchesToday" name="test_returns_8" time="0.195" /><testcase classname="backend.tests.test_matches.TestMatchesToday" name="test_all_kickoffs_today" time="0.000" /><testcase classname="backend.tests.test_matches.TestMatchesTomorrow" name="test_returns_4" time="0.167" /><testcase classname="backend.tests.test_matches.TestMatchesTomorrow" name="test_all_quarter_finals" time="0.000" /><testcase classname="backend.tests.test_matches.TestMatchesLive" name="test_live_endpoint" time="0.114" /><testcase classname="backend.tests.test_matches.TestMatchesLive" name="test_includes_halftime" time="0.139" /><testcase classname="backend.tests.test_matches.TestHalftimeDetection" name="test_m4_is_halftime" time="0.000" /><testcase classname="backend.tests.test_matches.TestHalftimeDetection" name="test_m3_is_live" time="0.000" /><testcase classname="backend.tests.test_matches.TestStatusInvariants" name="test_scheduled_no_scores" time="0.000" /><testcase classname="backend.tests.test_matches.TestStatusInvariants" name="test_finished_has_scores_no_minute" time="0.000" /><testcase classname="backend.tests.test_matches.TestStatusInvariants" name="test_live_has_minute_and_scores" time="0.000" /><testcase classname="backend.tests.test_matches.TestMatchesNext" name="test_next_is_earliest_scheduled" time="0.188" /><testcase classname="backend.tests.test_matches.TestGroups" name="test_returns_4_groups" time="0.147" /><testcase classname="backend.tests.test_matches.TestGroups" name="test_each_group_has_4_teams" time="0.000" /><testcase classname="backend.tests.test_matches.TestGroups" name="test_team_objects_structure" time="0.000" /><testcase classname="backend.tests.test_matches.TestGroups" name="test_standings_sorted_by_points_then_gd" time="0.000" /><testcase classname="backend.tests.test_matches.TestGroups" name="test_points_calculation" time="0.000" /><testcase classname="backend.tests.test_matches.TestRoot" name="test_api_root" time="0.113" /></testsuite></testsuites>